<?xml version="1.0" encoding="UTF-8"?>
<!-- Generated by org.testng.reporters.JUnitReportReporter -->
<testsuite hostname="DESKTOP-Q7BRIKC" failures="0" tests="1" name="testDemo.Demo" time="0.009" errors="0" timestamp="2025-08-15T16:31:07 IST" skipped="0">
  <testcase classname="testDemo.Demo" name="add" time="0.009"/>
</testsuite> <!-- testDemo.Demo -->
