<?xml version="1.0" encoding="UTF-8"?>
<!-- Generated by org.testng.reporters.JUnitReportReporter -->
<testsuite hostname="DESKTOP-Q7BRIKC" failures="0" tests="4" name="testDemo.SauceLoginTest" time="35.338" errors="0" timestamp="2025-08-18T17:05:27 IST" skipped="0">
  <testcase classname="testDemo.SauceLoginTest" name="loginTest" time="11.651"/>
  <testcase classname="testDemo.SauceLoginTest" name="loginTest" time="7.273"/>
  <testcase classname="testDemo.SauceLoginTest" name="loginTest" time="10.048"/>
  <testcase classname="testDemo.SauceLoginTest" name="loginTest" time="6.366"/>
</testsuite> <!-- testDemo.SauceLoginTest -->
