<?xml version="1.0" encoding="UTF-8"?>
<!-- Generated by org.testng.reporters.JUnitReportReporter -->
<testsuite hostname="DESKTOP-Q7BRIKC" failures="0" tests="2" name="testDemo.Application1" time="5.368" errors="0" timestamp="2025-08-15T16:45:02 IST" skipped="0">
  <testcase classname="testDemo.Application1" name="RegisterNewUser" time="4.241"/>
  <testcase classname="testDemo.Application1" name="launchGoogle" time="1.127"/>
</testsuite> <!-- testDemo.Application1 -->
