<?xml version="1.0" encoding="UTF-8"?>
<!-- Generated by org.testng.reporters.JUnitReportReporter -->
<testsuite hostname="DESKTOP-Q7BRIKC" failures="0" tests="1" name="testDemo.DebugOrderPage" time="0.493" errors="0" timestamp="2025-08-21T16:38:04 IST" skipped="0">
  <testcase classname="testDemo.DebugOrderPage" name="printAllInputsOnOrderPage" time="0.493"/>
</testsuite> <!-- testDemo.DebugOrderPage -->
