<?xml version="1.0" encoding="UTF-8"?>
<!-- Generated by org.testng.reporters.JUnitReportReporter -->
<testsuite hostname="DESKTOP-Q7BRIKC" failures="0" tests="4" name="testDemo.AnnotationsWebOrders" time="14.382" errors="0" timestamp="2025-08-14T14:48:20 IST" skipped="0">
  <testcase classname="testDemo.AnnotationsWebOrders" name="verifyHomePage" time="2.029"/>
  <testcase classname="testDemo.AnnotationsWebOrders" name="viewAllOrders" time="4.114"/>
  <testcase classname="testDemo.AnnotationsWebOrders" name="viewAllProducts" time="4.480"/>
  <testcase classname="testDemo.AnnotationsWebOrders" name="placeOrder" time="3.759"/>
</testsuite> <!-- testDemo.AnnotationsWebOrders -->
