<?xml version="1.0" encoding="UTF-8"?>
<!-- Generated by org.testng.reporters.JUnitReportReporter -->
<testsuite hostname="DESKTOP-Q7BRIKC" failures="0" tests="1" name="testDemo.HandleAlerts" time="0.770" errors="0" timestamp="2025-08-21T16:28:23 IST" skipped="0">
  <testcase classname="testDemo.HandleAlerts" name="handleDeleteWithoutAlertTest" time="0.770"/>
</testsuite> <!-- testDemo.HandleAlerts -->
