<?xml version="1.0" encoding="UTF-8"?>
<!-- Generated by org.testng.reporters.JUnitReportReporter -->
<testsuite hostname="DESKTOP-Q7BRIKC" failures="0" tests="2" name="testDemo.DataProviderPractice2" time="36.811" errors="0" timestamp="2025-08-16T16:13:21 IST" skipped="0">
  <testcase classname="testDemo.DataProviderPractice2" name="login" time="19.799"/>
  <testcase classname="testDemo.DataProviderPractice2" name="login" time="17.012"/>
</testsuite> <!-- testDemo.DataProviderPractice2 -->
