<?xml version="1.0" encoding="UTF-8"?>
<!-- Generated by org.testng.reporters.JUnitReportReporter -->
<testsuite hostname="DESKTOP-Q7BRIKC" failures="0" tests="2" name="testDemo.Annotations" time="5.287" errors="0" timestamp="2025-08-15T16:40:40 IST" skipped="0">
  <testcase classname="testDemo.Annotations" name="verifyPage" time="1.646"/>
  <testcase classname="testDemo.Annotations" name="loginTest" time="3.641"/>
</testsuite> <!-- testDemo.Annotations -->
