<?xml version="1.0" encoding="UTF-8"?>
<!-- Generated by org.testng.reporters.JUnitReportReporter -->
<testsuite hostname="DESKTOP-Q7BRIKC" failures="0" tests="2" name="testDemo.LoginTestForPOM" time="15.321" errors="0" timestamp="2025-08-21T15:43:09 IST" skipped="0">
  <testcase classname="testDemo.LoginTestForPOM" name="validLoginTest" time="7.559"/>
  <testcase classname="testDemo.LoginTestForPOM" name="invalidLoginTest" time="7.762"/>
</testsuite> <!-- testDemo.LoginTestForPOM -->
