<?xml version="1.0" encoding="UTF-8"?>
<!-- Generated by org.testng.reporters.JUnitReportReporter -->
<testsuite hostname="DESKTOP-Q7BRIKC" failures="0" tests="1" name="testDemo.DatePickerWithJS" time="3.638" errors="0" timestamp="2025-08-20T17:27:07 IST" skipped="0">
  <testcase classname="testDemo.DatePickerWithJS" name="DatePickerJS" time="3.638"/>
</testsuite> <!-- testDemo.DatePickerWithJS -->
