<?xml version="1.0" encoding="UTF-8"?>
<!-- Generated by org.testng.reporters.JUnitReportReporter -->
<testsuite hostname="DESKTOP-Q7BRIKC" failures="0" tests="1" name="testDemo.Annotations" time="3.512" errors="0" timestamp="2025-08-14T17:06:42 IST" skipped="0">
  <testcase classname="testDemo.Annotations" name="loginTest" time="3.512"/>
</testsuite> <!-- testDemo.Annotations -->
